# JRE version: Java(TM) SE Runtime Environment (8.0_51-b16) (build 1.8.0_51-b16)
# Java VM: Java HotSpot(TM) 64-Bit Server VM (25.51-b03 mixed mode windows-amd64 compressed oops)
Heap:
 PSYoungGen      total 22528K, used 6312K [0x00000000eb500000, 0x00000000ed100000, 0x0000000100000000)
  eden space 16384K, 9% used [0x00000000eb500000,0x00000000eb6981d8,0x00000000ec500000)
  from space 6144K, 76% used [0x00000000ecb00000,0x00000000ecf92128,0x00000000ed100000)
  to   space 6144K, 0% used [0x00000000ec500000,0x00000000ec500000,0x00000000ecb00000)
 ParOldGen       total 44032K, used 10129K [0x00000000c1e00000, 0x00000000c4900000, 0x00000000eb500000)
  object space 44032K, 23% used [0x00000000c1e00000,0x00000000c27e4600,0x00000000c4900000)
 Metaspace       used 16143K, capacity 16486K, committed 16640K, reserved 1064960K
  class space    used 1953K, capacity 2047K, committed 2048K, reserved 1048576K
GC Heap History (10 events):
Event: 7.552 GC heap before
{Heap before GC invocations=4 (full 0):
 PSYoungGen      total 18944K, used 18936K [0x00000000eb500000, 0x00000000eca00000, 0x0000000100000000)
  eden space 16384K, 100% used [0x00000000eb500000,0x00000000ec500000,0x00000000ec500000)
  from space 2560K, 99% used [0x00000000ec500000,0x00000000ec77e030,0x00000000ec780000)
  to   space 2560K, 0% used [0x00000000ec780000,0x00000000ec780000,0x00000000eca00000)
 ParOldGen       total 44032K, used 3197K [0x00000000c1e00000, 0x00000000c4900000, 0x00000000eb500000)
  object space 44032K, 7% used [0x00000000c1e00000,0x00000000c211f740,0x00000000c4900000)
 Metaspace       used 11894K, capacity 12212K, committed 12416K, reserved 1060864K
  class space    used 1494K, capacity 1576K, committed 1664K, reserved 1048576K
Event: 7.559 GC heap after
Heap after GC invocations=4 (full 0):
 PSYoungGen      total 18944K, used 2552K [0x00000000eb500000, 0x00000000eca00000, 0x0000000100000000)
  eden space 16384K, 0% used [0x00000000eb500000,0x00000000eb500000,0x00000000ec500000)
  from space 2560K, 99% used [0x00000000ec780000,0x00000000ec9fe030,0x00000000eca00000)
  to   space 2560K, 0% used [0x00000000ec500000,0x00000000ec500000,0x00000000ec780000)
 ParOldGen       total 44032K, used 5789K [0x00000000c1e00000, 0x00000000c4900000, 0x00000000eb500000)
  object space 44032K, 13% used [0x00000000c1e00000,0x00000000c23a7608,0x00000000c4900000)
 Metaspace       used 11894K, capacity 12212K, committed 12416K, reserved 1060864K
  class space    used 1494K, capacity 1576K, committed 1664K, reserved 1048576K
}
Event: 8.909 GC heap before
{Heap before GC invocations=5 (full 0):
 PSYoungGen      total 18944K, used 18936K [0x00000000eb500000, 0x00000000eca00000, 0x0000000100000000)
  eden space 16384K, 100% used [0x00000000eb500000,0x00000000ec500000,0x00000000ec500000)
  from space 2560K, 99% used [0x00000000ec780000,0x00000000ec9fe030,0x00000000eca00000)
  to   space 2560K, 0% used [0x00000000ec500000,0x00000000ec500000,0x00000000ec780000)
 ParOldGen       total 44032K, used 5789K [0x00000000c1e00000, 0x00000000c4900000, 0x00000000eb500000)
  object space 44032K, 13% used [0x00000000c1e00000,0x00000000c23a7608,0x00000000c4900000)
 Metaspace       used 14242K, capacity 14550K, committed 14720K, reserved 1062912K
  class space    used 1777K, capacity 1875K, committed 1920K, reserved 1048576K
Event: 8.921 GC heap after
Heap after GC invocations=5 (full 0):
 PSYoungGen      total 18944K, used 2536K [0x00000000eb500000, 0x00000000ed100000, 0x0000000100000000)
  eden space 16384K, 0% used [0x00000000eb500000,0x00000000eb500000,0x00000000ec500000)
  from space 2560K, 99% used [0x00000000ec500000,0x00000000ec77a020,0x00000000ec780000)
  to   space 6144K, 0% used [0x00000000ecb00000,0x00000000ecb00000,0x00000000ed100000)
 ParOldGen       total 44032K, used 8283K [0x00000000c1e00000, 0x00000000c4900000, 0x00000000eb500000)
  object space 44032K, 18% used [0x00000000c1e00000,0x00000000c2616d40,0x00000000c4900000)
 Metaspace       used 14242K, capacity 14550K, committed 14720K, reserved 1062912K
  class space    used 1777K, capacity 1875K, committed 1920K, reserved 1048576K
}
Event: 19.773 GC heap before
{Heap before GC invocations=6 (full 0):
 PSYoungGen      total 18944K, used 18920K [0x00000000eb500000, 0x00000000ed100000, 0x0000000100000000)
  eden space 16384K, 100% used [0x00000000eb500000,0x00000000ec500000,0x00000000ec500000)
  from space 2560K, 99% used [0x00000000ec500000,0x00000000ec77a020,0x00000000ec780000)
  to   space 6144K, 0% used [0x00000000ecb00000,0x00000000ecb00000,0x00000000ed100000)
 ParOldGen       total 44032K, used 8283K [0x00000000c1e00000, 0x00000000c4900000, 0x00000000eb500000)
  object space 44032K, 18% used [0x00000000c1e00000,0x00000000c2616d40,0x00000000c4900000)
 Metaspace       used 15203K, capacity 15496K, committed 15872K, reserved 1062912K
  class space    used 1863K, capacity 1974K, committed 2048K, reserved 1048576K
Event: 19.801 GC heap after
Heap after GC invocations=6 (full 0):
 PSYoungGen      total 22528K, used 4655K [0x00000000eb500000, 0x00000000ed100000, 0x0000000100000000)
  eden space 16384K, 0% used [0x00000000eb500000,0x00000000eb500000,0x00000000ec500000)
  from space 6144K, 75% used [0x00000000ecb00000,0x00000000ecf8bee0,0x00000000ed100000)
  to   space 6144K, 0% used [0x00000000ec500000,0x00000000ec500000,0x00000000ecb00000)
 ParOldGen       total 44032K, used 8291K [0x00000000c1e00000, 0x00000000c4900000, 0x00000000eb500000)
  object space 44032K, 18% used [0x00000000c1e00000,0x00000000c2618d40,0x00000000c4900000)
 Metaspace       used 15203K, capacity 15496K, committed 15872K, reserved 1062912K
  class space    used 1863K, capacity 1974K, committed 2048K, reserved 1048576K
}
Event: 28.760 GC heap before
{Heap before GC invocations=7 (full 0):
 PSYoungGen      total 22528K, used 21039K [0x00000000eb500000, 0x00000000ed100000, 0x0000000100000000)
  eden space 16384K, 100% used [0x00000000eb500000,0x00000000ec500000,0x00000000ec500000)
  from space 6144K, 75% used [0x00000000ecb00000,0x00000000ecf8bee0,0x00000000ed100000)
  to   space 6144K, 0% used [0x00000000ec500000,0x00000000ec500000,0x00000000ecb00000)
 ParOldGen       total 44032K, used 8291K [0x00000000c1e00000, 0x00000000c4900000, 0x00000000eb500000)
  object space 44032K, 18% used [0x00000000c1e00000,0x00000000c2618d40,0x00000000c4900000)
 Metaspace       used 15346K, capacity 15694K, committed 15872K, reserved 1062912K
  class space    used 1865K, capacity 1975K, committed 2048K, reserved 1048576K
Event: 28.809 GC heap after
Heap after GC invocations=7 (full 0):
 PSYoungGen      total 22528K, used 3728K [0x00000000eb500000, 0x00000000ed100000, 0x0000000100000000)
  eden space 16384K, 0% used [0x00000000eb500000,0x00000000eb500000,0x00000000ec500000)
  from space 6144K, 60% used [0x00000000ec500000,0x00000000ec8a4030,0x00000000ecb00000)
  to   space 6144K, 0% used [0x00000000ecb00000,0x00000000ecb00000,0x00000000ed100000)
 ParOldGen       total 44032K, used 9535K [0x00000000c1e00000, 0x00000000c4900000, 0x00000000eb500000)
  object space 44032K, 21% used [0x00000000c1e00000,0x00000000c274fdd0,0x00000000c4900000)
 Metaspace       used 15346K, capacity 15694K, committed 15872K, reserved 1062912K
  class space    used 1865K, capacity 1975K, committed 2048K, reserved 1048576K
}
Event: 33.226 GC heap before
{Heap before GC invocations=8 (full 0):
 PSYoungGen      total 22528K, used 20112K [0x00000000eb500000, 0x00000000ed100000, 0x0000000100000000)
  eden space 16384K, 100% used [0x00000000eb500000,0x00000000ec500000,0x00000000ec500000)
  from space 6144K, 60% used [0x00000000ec500000,0x00000000ec8a4030,0x00000000ecb00000)
  to   space 6144K, 0% used [0x00000000ecb00000,0x00000000ecb00000,0x00000000ed100000)
 ParOldGen       total 44032K, used 9535K [0x00000000c1e00000, 0x00000000c4900000, 0x00000000eb500000)
  object space 44032K, 21% used [0x00000000c1e00000,0x00000000c274fdd0,0x00000000c4900000)
 Metaspace       used 16132K, capacity 16486K, committed 16640K, reserved 1064960K
  class space    used 1953K, capacity 2047K, committed 2048K, reserved 1048576K
Event: 33.236 GC heap after
Heap after GC invocations=8 (full 0):
 PSYoungGen      total 22528K, used 4680K [0x00000000eb500000, 0x00000000ed100000, 0x0000000100000000)
  eden space 16384K, 0% used [0x00000000eb500000,0x00000000eb500000,0x00000000ec500000)
  from space 6144K, 76% used [0x00000000ecb00000,0x00000000ecf92128,0x00000000ed100000)
  to   space 6144K, 0% used [0x00000000ec500000,0x00000000ec500000,0x00000000ecb00000)
 ParOldGen       total 44032K, used 10129K [0x00000000c1e00000, 0x00000000c4900000, 0x00000000eb500000)
  object space 44032K, 23% used [0x00000000c1e00000,0x00000000c27e4600,0x00000000c4900000)
 Metaspace       used 16132K, capacity 16486K, committed 16640K, reserved 1064960K
  class space    used 1953K, capacity 2047K, committed 2048K, reserved 1048576K
}

