# JRE version: Java(TM) SE Runtime Environment (8.0_51-b16) (build 1.8.0_51-b16)
# Java VM: Java HotSpot(TM) 64-Bit Server VM (25.51-b03 mixed mode windows-amd64 compressed oops)
Heap:
 PSYoungGen      total 115200K, used 114784K [0x00000000eb500000, 0x00000000f2f80000, 0x0000000100000000)
  eden space 114688K, 100% used [0x00000000eb500000,0x00000000f2500000,0x00000000f2500000)
  from space 512K, 18% used [0x00000000f2f00000,0x00000000f2f18000,0x00000000f2f80000)
  to   space 4096K, 0% used [0x00000000f2780000,0x00000000f2780000,0x00000000f2b80000)
 ParOldGen       total 44032K, used 14480K [0x00000000c1e00000, 0x00000000c4900000, 0x00000000eb500000)
  object space 44032K, 32% used [0x00000000c1e00000,0x00000000c2c240d0,0x00000000c4900000)
 Metaspace       used 16113K, capacity 16422K, committed 16640K, reserved 1064960K
  class space    used 1952K, capacity 2047K, committed 2048K, reserved 1048576K
GC Heap History (10 events):
Event: 16.001 GC heap before
{Heap before GC invocations=24 (full 0):
 PSYoungGen      total 91136K, used 85664K [0x00000000eb500000, 0x00000000f3400000, 0x0000000100000000)
  eden space 85504K, 100% used [0x00000000eb500000,0x00000000f0880000,0x00000000f0880000)
  from space 5632K, 2% used [0x00000000f0880000,0x00000000f08a8000,0x00000000f0e00000)
  to   space 5120K, 0% used [0x00000000f2f00000,0x00000000f2f00000,0x00000000f3400000)
 ParOldGen       total 44032K, used 13408K [0x00000000c1e00000, 0x00000000c4900000, 0x00000000eb500000)
  object space 44032K, 30% used [0x00000000c1e00000,0x00000000c2b180d0,0x00000000c4900000)
 Metaspace       used 15340K, capacity 15694K, committed 15872K, reserved 1062912K
  class space    used 1864K, capacity 1975K, committed 2048K, reserved 1048576K
Event: 16.002 GC heap after
Heap after GC invocations=24 (full 0):
 PSYoungGen      total 123904K, used 384K [0x00000000eb500000, 0x00000000f3300000, 0x0000000100000000)
  eden space 119808K, 0% used [0x00000000eb500000,0x00000000eb500000,0x00000000f2a00000)
  from space 4096K, 9% used [0x00000000f2f00000,0x00000000f2f60000,0x00000000f3300000)
  to   space 4608K, 0% used [0x00000000f2a00000,0x00000000f2a00000,0x00000000f2e80000)
 ParOldGen       total 44032K, used 13496K [0x00000000c1e00000, 0x00000000c4900000, 0x00000000eb500000)
  object space 44032K, 30% used [0x00000000c1e00000,0x00000000c2b2e0d0,0x00000000c4900000)
 Metaspace       used 15340K, capacity 15694K, committed 15872K, reserved 1062912K
  class space    used 1864K, capacity 1975K, committed 2048K, reserved 1048576K
}
Event: 16.224 GC heap before
{Heap before GC invocations=25 (full 0):
 PSYoungGen      total 123904K, used 120192K [0x00000000eb500000, 0x00000000f3300000, 0x0000000100000000)
  eden space 119808K, 100% used [0x00000000eb500000,0x00000000f2a00000,0x00000000f2a00000)
  from space 4096K, 9% used [0x00000000f2f00000,0x00000000f2f60000,0x00000000f3300000)
  to   space 4608K, 0% used [0x00000000f2a00000,0x00000000f2a00000,0x00000000f2e80000)
 ParOldGen       total 44032K, used 13496K [0x00000000c1e00000, 0x00000000c4900000, 0x00000000eb500000)
  object space 44032K, 30% used [0x00000000c1e00000,0x00000000c2b2e0d0,0x00000000c4900000)
 Metaspace       used 15373K, capacity 15694K, committed 15872K, reserved 1062912K
  class space    used 1865K, capacity 1975K, committed 2048K, reserved 1048576K
Event: 16.225 GC heap after
Heap after GC invocations=25 (full 0):
 PSYoungGen      total 124416K, used 160K [0x00000000eb500000, 0x00000000f3300000, 0x0000000100000000)
  eden space 119808K, 0% used [0x00000000eb500000,0x00000000eb500000,0x00000000f2a00000)
  from space 4608K, 3% used [0x00000000f2a00000,0x00000000f2a28000,0x00000000f2e80000)
  to   space 4096K, 0% used [0x00000000f2f00000,0x00000000f2f00000,0x00000000f3300000)
 ParOldGen       total 44032K, used 13648K [0x00000000c1e00000, 0x00000000c4900000, 0x00000000eb500000)
  object space 44032K, 30% used [0x00000000c1e00000,0x00000000c2b540d0,0x00000000c4900000)
 Metaspace       used 15373K, capacity 15694K, committed 15872K, reserved 1062912K
  class space    used 1865K, capacity 1975K, committed 2048K, reserved 1048576K
}
Event: 16.458 GC heap before
{Heap before GC invocations=26 (full 0):
 PSYoungGen      total 124416K, used 119968K [0x00000000eb500000, 0x00000000f3300000, 0x0000000100000000)
  eden space 119808K, 100% used [0x00000000eb500000,0x00000000f2a00000,0x00000000f2a00000)
  from space 4608K, 3% used [0x00000000f2a00000,0x00000000f2a28000,0x00000000f2e80000)
  to   space 4096K, 0% used [0x00000000f2f00000,0x00000000f2f00000,0x00000000f3300000)
 ParOldGen       total 44032K, used 13648K [0x00000000c1e00000, 0x00000000c4900000, 0x00000000eb500000)
  object space 44032K, 30% used [0x00000000c1e00000,0x00000000c2b540d0,0x00000000c4900000)
 Metaspace       used 16079K, capacity 16422K, committed 16640K, reserved 1064960K
  class space    used 1952K, capacity 2047K, committed 2048K, reserved 1048576K
Event: 16.460 GC heap after
Heap after GC invocations=26 (full 0):
 PSYoungGen      total 123904K, used 1224K [0x00000000eb500000, 0x00000000f3300000, 0x0000000100000000)
  eden space 119808K, 0% used [0x00000000eb500000,0x00000000eb500000,0x00000000f2a00000)
  from space 4096K, 29% used [0x00000000f2f00000,0x00000000f3032128,0x00000000f3300000)
  to   space 4608K, 0% used [0x00000000f2a00000,0x00000000f2a00000,0x00000000f2e80000)
 ParOldGen       total 44032K, used 13728K [0x00000000c1e00000, 0x00000000c4900000, 0x00000000eb500000)
  object space 44032K, 31% used [0x00000000c1e00000,0x00000000c2b680d0,0x00000000c4900000)
 Metaspace       used 16079K, capacity 16422K, committed 16640K, reserved 1064960K
  class space    used 1952K, capacity 2047K, committed 2048K, reserved 1048576K
}
Event: 16.658 GC heap before
{Heap before GC invocations=27 (full 0):
 PSYoungGen      total 123904K, used 121032K [0x00000000eb500000, 0x00000000f3300000, 0x0000000100000000)
  eden space 119808K, 100% used [0x00000000eb500000,0x00000000f2a00000,0x00000000f2a00000)
  from space 4096K, 29% used [0x00000000f2f00000,0x00000000f3032128,0x00000000f3300000)
  to   space 4608K, 0% used [0x00000000f2a00000,0x00000000f2a00000,0x00000000f2e80000)
 ParOldGen       total 44032K, used 13728K [0x00000000c1e00000, 0x00000000c4900000, 0x00000000eb500000)
  object space 44032K, 31% used [0x00000000c1e00000,0x00000000c2b680d0,0x00000000c4900000)
 Metaspace       used 16108K, capacity 16422K, committed 16640K, reserved 1064960K
  class space    used 1952K, capacity 2047K, committed 2048K, reserved 1048576K
Event: 16.660 GC heap after
Heap after GC invocations=27 (full 0):
 PSYoungGen      total 124416K, used 448K [0x00000000eb500000, 0x00000000f3300000, 0x0000000100000000)
  eden space 119808K, 0% used [0x00000000eb500000,0x00000000eb500000,0x00000000f2a00000)
  from space 4608K, 9% used [0x00000000f2a00000,0x00000000f2a70000,0x00000000f2e80000)
  to   space 4096K, 0% used [0x00000000f2f00000,0x00000000f2f00000,0x00000000f3300000)
 ParOldGen       total 44032K, used 14096K [0x00000000c1e00000, 0x00000000c4900000, 0x00000000eb500000)
  object space 44032K, 32% used [0x00000000c1e00000,0x00000000c2bc40d0,0x00000000c4900000)
 Metaspace       used 16108K, capacity 16422K, committed 16640K, reserved 1064960K
  class space    used 1952K, capacity 2047K, committed 2048K, reserved 1048576K
}
Event: 16.857 GC heap before
{Heap before GC invocations=28 (full 0):
 PSYoungGen      total 124416K, used 120256K [0x00000000eb500000, 0x00000000f3300000, 0x0000000100000000)
  eden space 119808K, 100% used [0x00000000eb500000,0x00000000f2a00000,0x00000000f2a00000)
  from space 4608K, 9% used [0x00000000f2a00000,0x00000000f2a70000,0x00000000f2e80000)
  to   space 4096K, 0% used [0x00000000f2f00000,0x00000000f2f00000,0x00000000f3300000)
 ParOldGen       total 44032K, used 14096K [0x00000000c1e00000, 0x00000000c4900000, 0x00000000eb500000)
  object space 44032K, 32% used [0x00000000c1e00000,0x00000000c2bc40d0,0x00000000c4900000)
 Metaspace       used 16110K, capacity 16422K, committed 16640K, reserved 1064960K
  class space    used 1952K, capacity 2047K, committed 2048K, reserved 1048576K
Event: 16.858 GC heap after
Heap after GC invocations=28 (full 0):
 PSYoungGen      total 115200K, used 96K [0x00000000eb500000, 0x00000000f2f80000, 0x0000000100000000)
  eden space 114688K, 0% used [0x00000000eb500000,0x00000000eb500000,0x00000000f2500000)
  from space 512K, 18% used [0x00000000f2f00000,0x00000000f2f18000,0x00000000f2f80000)
  to   space 4096K, 0% used [0x00000000f2780000,0x00000000f2780000,0x00000000f2b80000)
 ParOldGen       total 44032K, used 14480K [0x00000000c1e00000, 0x00000000c4900000, 0x00000000eb500000)
  object space 44032K, 32% used [0x00000000c1e00000,0x00000000c2c240d0,0x00000000c4900000)
 Metaspace       used 16110K, capacity 16422K, committed 16640K, reserved 1064960K
  class space    used 1952K, capacity 2047K, committed 2048K, reserved 1048576K
}

